Traceback (most recent call last):
  File "/home/terence/env3.11/lib/python3.11/site-packages/jupyter_cache/executors/utils.py", line 58, in single_nb_execution
    executenb(
  File "/home/terence/env3.11/lib/python3.11/site-packages/nbclient/client.py", line 1305, in execute
    return NotebookClient(nb=nb, resources=resources, km=km, **kwargs).execute()
           ^^^^^^^^^^^^^^^^^^^^^^^^^^^^^^^^^^^^^^^^^^^^^^^^^^^^^^^^^^^^^^^^^^^^^
  File "/home/terence/env3.11/lib/python3.11/site-packages/jupyter_core/utils/__init__.py", line 166, in wrapped
    return loop.run_until_complete(inner)
           ^^^^^^^^^^^^^^^^^^^^^^^^^^^^^^
  File "/usr/lib/python3.11/asyncio/base_events.py", line 653, in run_until_complete
    return future.result()
           ^^^^^^^^^^^^^^^
  File "/home/terence/env3.11/lib/python3.11/site-packages/nbclient/client.py", line 705, in async_execute
    await self.async_execute_cell(
  File "/home/terence/env3.11/lib/python3.11/site-packages/nbclient/client.py", line 1058, in async_execute_cell
    await self._check_raise_for_error(cell, cell_index, exec_reply)
  File "/home/terence/env3.11/lib/python3.11/site-packages/nbclient/client.py", line 914, in _check_raise_for_error
    raise CellExecutionError.from_cell_and_msg(cell, exec_reply_content)
nbclient.exceptions.CellExecutionError: An error occurred while executing the following cell:
------------------
life = SelectLife().set_table(l={60: [80000, 79000, 77000, 74000],
                                 61: [78000, 76000, 73000, 70000],
                                 62: [75000, 72000, 69000, 67000],
                                 63: [71000, 68000, 66000, 65000]})
q = 1000 * life.q_r(60, s=0, r=0.75, t=3, u=2)
isclose(117, q, question="Q3.1")
------------------


[0;31m---------------------------------------------------------------------------[0m
[0;31mNameError[0m                                 Traceback (most recent call last)
Cell [0;32mIn[15], line 1[0m
[0;32m----> 1[0m life [38;5;241m=[39m [43mSelectLife[49m[43m([49m[43m)[49m[38;5;241;43m.[39;49m[43mset_table[49m[43m([49m[43ml[49m[38;5;241;43m=[39;49m[43m{[49m[38;5;241;43m60[39;49m[43m:[49m[43m [49m[43m[[49m[38;5;241;43m80000[39;49m[43m,[49m[43m [49m[38;5;241;43m79000[39;49m[43m,[49m[43m [49m[38;5;241;43m77000[39;49m[43m,[49m[43m [49m[38;5;241;43m74000[39;49m[43m][49m[43m,[49m
[1;32m      2[0m [43m                                 [49m[38;5;241;43m61[39;49m[43m:[49m[43m [49m[43m[[49m[38;5;241;43m78000[39;49m[43m,[49m[43m [49m[38;5;241;43m76000[39;49m[43m,[49m[43m [49m[38;5;241;43m73000[39;49m[43m,[49m[43m [49m[38;5;241;43m70000[39;49m[43m][49m[43m,[49m
[1;32m      3[0m [43m                                 [49m[38;5;241;43m62[39;49m[43m:[49m[43m [49m[43m[[49m[38;5;241;43m75000[39;49m[43m,[49m[43m [49m[38;5;241;43m72000[39;49m[43m,[49m[43m [49m[38;5;241;43m69000[39;49m[43m,[49m[43m [49m[38;5;241;43m67000[39;49m[43m][49m[43m,[49m
[1;32m      4[0m [43m                                 [49m[38;5;241;43m63[39;49m[43m:[49m[43m [49m[43m[[49m[38;5;241;43m71000[39;49m[43m,[49m[43m [49m[38;5;241;43m68000[39;49m[43m,[49m[43m [49m[38;5;241;43m66000[39;49m[43m,[49m[43m [49m[38;5;241;43m65000[39;49m[43m][49m[43m}[49m[43m)[49m
[1;32m      5[0m q [38;5;241m=[39m [38;5;241m1000[39m [38;5;241m*[39m life[38;5;241m.[39mq_r([38;5;241m60[39m, s[38;5;241m=[39m[38;5;241m0[39m, r[38;5;241m=[39m[38;5;241m0.75[39m, t[38;5;241m=[39m[38;5;241m3[39m, u[38;5;241m=[39m[38;5;241m2[39m)
[1;32m      6[0m isclose([38;5;241m117[39m, q, question[38;5;241m=[39m[38;5;124m"[39m[38;5;124mQ3.1[39m[38;5;124m"[39m)

File [0;32m~/Dropbox/github/actuarialmath-guide/actuarialmath/selectlife.py:90[0m, in [0;36mSelectLife.set_table[0;34m(self, fill, l, d, q, A, a, e)[0m
[1;32m     87[0m [38;5;28mself[39m[38;5;241m.[39m_MAXAGE [38;5;241m=[39m maxage
[1;32m     89[0m [38;5;28;01mif[39;00m fill:         [38;5;66;03m# iteratively fill missing table values[39;00m
[0;32m---> 90[0m     [38;5;28mself[39m[38;5;241m.[39mfill_table(radix[38;5;241m=[39m[43mradix[49m)
[1;32m     91[0m [38;5;28;01mreturn[39;00m [38;5;28mself[39m

[0;31mNameError[0m: name 'radix' is not defined

