Traceback (most recent call last):
  File "/home/terence/env3.11/lib/python3.11/site-packages/jupyter_cache/executors/utils.py", line 58, in single_nb_execution
    executenb(
  File "/home/terence/env3.11/lib/python3.11/site-packages/nbclient/client.py", line 1305, in execute
    return NotebookClient(nb=nb, resources=resources, km=km, **kwargs).execute()
           ^^^^^^^^^^^^^^^^^^^^^^^^^^^^^^^^^^^^^^^^^^^^^^^^^^^^^^^^^^^^^^^^^^^^^
  File "/home/terence/env3.11/lib/python3.11/site-packages/jupyter_core/utils/__init__.py", line 166, in wrapped
    return loop.run_until_complete(inner)
           ^^^^^^^^^^^^^^^^^^^^^^^^^^^^^^
  File "/usr/lib/python3.11/asyncio/base_events.py", line 653, in run_until_complete
    return future.result()
           ^^^^^^^^^^^^^^^
  File "/home/terence/env3.11/lib/python3.11/site-packages/nbclient/client.py", line 705, in async_execute
    await self.async_execute_cell(
  File "/home/terence/env3.11/lib/python3.11/site-packages/nbclient/client.py", line 1058, in async_execute_cell
    await self._check_raise_for_error(cell, cell_index, exec_reply)
  File "/home/terence/env3.11/lib/python3.11/site-packages/nbclient/client.py", line 914, in _check_raise_for_error
    raise CellExecutionError.from_cell_and_msg(cell, exec_reply_content)
nbclient.exceptions.CellExecutionError: An error occurred while executing the following cell:
------------------
print("SOA Question 3.2:  (D) 14.7")
e_curtate = SelectLife.e_approximate(e_complete=15)
life = SelectLife(udd=True).set_table(l={65: [1000, None,],
                                         66: [955, None]},
                                      e={65: [e_curtate, None]},
                                      d={65: [40, None,],
                                         66: [45, None]})
print(life.e_r(66))
print(life.frame('e'))

------------------

----- stdout -----
SOA Question 3.2:  (D) 14.7
------------------

[0;31m---------------------------------------------------------------------------[0m
[0;31mNameError[0m                                 Traceback (most recent call last)
Cell [0;32mIn[2], line 3[0m
[1;32m      1[0m [38;5;28mprint[39m([38;5;124m"[39m[38;5;124mSOA Question 3.2:  (D) 14.7[39m[38;5;124m"[39m)
[1;32m      2[0m e_curtate [38;5;241m=[39m SelectLife[38;5;241m.[39me_approximate(e_complete[38;5;241m=[39m[38;5;241m15[39m)
[0;32m----> 3[0m life [38;5;241m=[39m [43mSelectLife[49m[43m([49m[43mudd[49m[38;5;241;43m=[39;49m[38;5;28;43;01mTrue[39;49;00m[43m)[49m[38;5;241;43m.[39;49m[43mset_table[49m[43m([49m[43ml[49m[38;5;241;43m=[39;49m[43m{[49m[38;5;241;43m65[39;49m[43m:[49m[43m [49m[43m[[49m[38;5;241;43m1000[39;49m[43m,[49m[43m [49m[38;5;28;43;01mNone[39;49;00m[43m,[49m[43m][49m[43m,[49m
[1;32m      4[0m [43m                                         [49m[38;5;241;43m66[39;49m[43m:[49m[43m [49m[43m[[49m[38;5;241;43m955[39;49m[43m,[49m[43m [49m[38;5;28;43;01mNone[39;49;00m[43m][49m[43m}[49m[43m,[49m
[1;32m      5[0m [43m                                      [49m[43me[49m[38;5;241;43m=[39;49m[43m{[49m[38;5;241;43m65[39;49m[43m:[49m[43m [49m[43m[[49m[43me_curtate[49m[43m,[49m[43m [49m[38;5;28;43;01mNone[39;49;00m[43m][49m[43m}[49m[43m,[49m
[1;32m      6[0m [43m                                      [49m[43md[49m[38;5;241;43m=[39;49m[43m{[49m[38;5;241;43m65[39;49m[43m:[49m[43m [49m[43m[[49m[38;5;241;43m40[39;49m[43m,[49m[43m [49m[38;5;28;43;01mNone[39;49;00m[43m,[49m[43m][49m[43m,[49m
[1;32m      7[0m [43m                                         [49m[38;5;241;43m66[39;49m[43m:[49m[43m [49m[43m[[49m[38;5;241;43m45[39;49m[43m,[49m[43m [49m[38;5;28;43;01mNone[39;49;00m[43m][49m[43m}[49m[43m)[49m
[1;32m      8[0m [38;5;28mprint[39m(life[38;5;241m.[39me_r([38;5;241m66[39m))
[1;32m      9[0m [38;5;28mprint[39m(life[38;5;241m.[39mframe([38;5;124m'[39m[38;5;124me[39m[38;5;124m'[39m))

File [0;32m~/Dropbox/github/actuarialmath-guide/actuarialmath/selectlife.py:90[0m, in [0;36mSelectLife.set_table[0;34m(self, fill, l, d, q, A, a, e)[0m
[1;32m     87[0m [38;5;28mself[39m[38;5;241m.[39m_MAXAGE [38;5;241m=[39m maxage
[1;32m     89[0m [38;5;28;01mif[39;00m fill:         [38;5;66;03m# iteratively fill missing table values[39;00m
[0;32m---> 90[0m     [38;5;28mself[39m[38;5;241m.[39mfill_table(radix[38;5;241m=[39m[43mradix[49m)
[1;32m     91[0m [38;5;28;01mreturn[39;00m [38;5;28mself[39m

[0;31mNameError[0m: name 'radix' is not defined

